PrgAndroidApps/LimeApp/app/build/intermediates/manifest_merge_blame_file/debug/manifest-merger-blame-debug-report.txt
1<?xml version="1.0" encoding="utf-8"?>
2<manifest xmlns:android="http://schemas.android.com/apk/res/android"
3    package="com.example.limeapp"
4    android:versionCode="1"
5    android:versionName="1.0" >
6
7    <uses-sdk
8        android:minSdkVersion="24"
8-->src\main\AndroidManifest.xml
9        android:targetSdkVersion="33" />
9-->src\main\AndroidManifest.xml
10
11    <!-- Although the *SdkVersion is captured in gradle build files, this is required for non gradle builds -->
12    <!-- <uses-sdk android:minSdkVersion="14"/> -->
13    <uses-permission android:name="android.permission.ACCESS_NETWORK_STATE" />
13-->[com.google.firebase:firebase-database:20.2.0] AndroidManifest.xml:24:5-79
13-->[com.google.firebase:firebase-database:20.2.0] AndroidManifest.xml:24:22-76
14    <uses-permission android:name="android.permission.INTERNET" />
14-->[com.google.firebase:firebase-database:20.2.0] AndroidManifest.xml:25:5-67
14-->[com.google.firebase:firebase-database:20.2.0] AndroidManifest.xml:25:22-64
15
16    <permission
16-->[androidx.core:core:1.9.0] AndroidManifest.xml:22:5-24:47
17        android:name="com.example.limeapp.DYNAMIC_RECEIVER_NOT_EXPORTED_PERMISSION"
17-->[androidx.core:core:1.9.0] AndroidManifest.xml:23:9-81
18        android:protectionLevel="signature" />
18-->[androidx.core:core:1.9.0] AndroidManifest.xml:24:9-44
19
20    <uses-permission android:name="com.example.limeapp.DYNAMIC_RECEIVER_NOT_EXPORTED_PERMISSION" />
20-->[androidx.core:core:1.9.0] AndroidManifest.xml:26:5-97
20-->[androidx.core:core:1.9.0] AndroidManifest.xml:26:22-94
21
22    <application
22-->src\main\AndroidManifest.xml:5:5-34:19
23        android:allowBackup="true"
23-->src\main\AndroidManifest.xml:6:9-35
24        android:appComponentFactory="androidx.core.app.CoreComponentFactory"
24-->[androidx.core:core:1.9.0] AndroidManifest.xml:28:18-86
25        android:dataExtractionRules="@xml/data_extraction_rules"
25-->src\main\AndroidManifest.xml:7:9-65
26        android:debuggable="true"
27        android:extractNativeLibs="false"
28        android:fullBackupContent="@xml/backup_rules"
28-->src\main\AndroidManifest.xml:8:9-54
29        android:icon="@drawable/regicon"
29-->src\main\AndroidManifest.xml:9:9-41
30        android:label="Lime"
30-->src\main\AndroidManifest.xml:10:9-29
31        android:supportsRtl="true"
31-->src\main\AndroidManifest.xml:11:9-35
32        android:theme="@style/Theme.LimeApp" >
32-->src\main\AndroidManifest.xml:12:9-45
33        <activity
33-->src\main\AndroidManifest.xml:14:9-23:20
34            android:name="com.example.limeapp.LogActivity"
34-->src\main\AndroidManifest.xml:15:13-40
35            android:exported="true"
35-->src\main\AndroidManifest.xml:17:13-36
36            android:screenOrientation="portrait" >
36-->src\main\AndroidManifest.xml:16:13-49
37            <intent-filter>
37-->src\main\AndroidManifest.xml:18:13-22:29
38                <action android:name="android.intent.action.MAIN" />
38-->src\main\AndroidManifest.xml:19:17-69
38-->src\main\AndroidManifest.xml:19:25-66
39
40                <category android:name="android.intent.category.LAUNCHER" />
40-->src\main\AndroidManifest.xml:21:17-77
40-->src\main\AndroidManifest.xml:21:27-74
41            </intent-filter>
42        </activity>
43        <activity
43-->src\main\AndroidManifest.xml:24:9-26:15
44            android:name="com.example.limeapp.RegActivity"
44-->src\main\AndroidManifest.xml:24:19-46
45            android:screenOrientation="portrait" />
45-->src\main\AndroidManifest.xml:25:13-49
46        <activity
46-->src\main\AndroidManifest.xml:27:9-28:51
47            android:name="com.example.limeapp.MainScreenActivity"
47-->src\main\AndroidManifest.xml:27:19-53
48            android:screenOrientation="portrait" />
48-->src\main\AndroidManifest.xml:28:13-49
49        <activity
49-->src\main\AndroidManifest.xml:29:9-30:51
50            android:name="com.example.limeapp.ProfileActivity"
50-->src\main\AndroidManifest.xml:29:19-50
51            android:screenOrientation="portrait" />
51-->src\main\AndroidManifest.xml:30:13-49
52
53        <meta-data
53-->src\main\AndroidManifest.xml:31:9-33:57
54            android:name="preloaded_fonts"
54-->src\main\AndroidManifest.xml:32:13-43
55            android:resource="@array/preloaded_fonts" />
55-->src\main\AndroidManifest.xml:33:13-54
56
57        <service
57-->[com.google.firebase:firebase-database:20.2.0] AndroidManifest.xml:28:9-34:19
58            android:name="com.google.firebase.components.ComponentDiscoveryService"
58-->[com.google.firebase:firebase-database:20.2.0] AndroidManifest.xml:29:13-84
59            android:directBootAware="true"
59-->[com.google.firebase:firebase-common:20.3.2] AndroidManifest.xml:34:13-43
60            android:exported="false" >
60-->[com.google.firebase:firebase-database:20.2.0] AndroidManifest.xml:30:13-37
61            <meta-data
61-->[com.google.firebase:firebase-database:20.2.0] AndroidManifest.xml:31:13-33:85
62                android:name="com.google.firebase.components:com.google.firebase.database.DatabaseRegistrar"
62-->[com.google.firebase:firebase-database:20.2.0] AndroidManifest.xml:32:17-109
63                android:value="com.google.firebase.components.ComponentRegistrar" />
63-->[com.google.firebase:firebase-database:20.2.0] AndroidManifest.xml:33:17-82
64            <meta-data
64-->[com.google.firebase:firebase-auth:21.3.0] AndroidManifest.xml:69:13-71:85
65                android:name="com.google.firebase.components:com.google.firebase.auth.FirebaseAuthRegistrar"
65-->[com.google.firebase:firebase-auth:21.3.0] AndroidManifest.xml:70:17-109
66                android:value="com.google.firebase.components.ComponentRegistrar" />
66-->[com.google.firebase:firebase-auth:21.3.0] AndroidManifest.xml:71:17-82
67        </service>
68
69        <activity
69-->[com.google.firebase:firebase-auth:21.3.0] AndroidManifest.xml:29:9-46:20
70            android:name="com.google.firebase.auth.internal.GenericIdpActivity"
70-->[com.google.firebase:firebase-auth:21.3.0] AndroidManifest.xml:30:13-80
71            android:excludeFromRecents="true"
71-->[com.google.firebase:firebase-auth:21.3.0] AndroidManifest.xml:31:13-46
72            android:exported="true"
72-->[com.google.firebase:firebase-auth:21.3.0] AndroidManifest.xml:32:13-36
73            android:launchMode="singleTask"
73-->[com.google.firebase:firebase-auth:21.3.0] AndroidManifest.xml:33:13-44
74            android:theme="@android:style/Theme.Translucent.NoTitleBar" >
74-->[com.google.firebase:firebase-auth:21.3.0] AndroidManifest.xml:34:13-72
75            <intent-filter>
75-->[com.google.firebase:firebase-auth:21.3.0] AndroidManifest.xml:35:13-45:29
76                <action android:name="android.intent.action.VIEW" />
76-->[com.google.firebase:firebase-auth:21.3.0] AndroidManifest.xml:36:17-69
76-->[com.google.firebase:firebase-auth:21.3.0] AndroidManifest.xml:36:25-66
77
78                <category android:name="android.intent.category.DEFAULT" />
78-->[com.google.firebase:firebase-auth:21.3.0] AndroidManifest.xml:38:17-76
78-->[com.google.firebase:firebase-auth:21.3.0] AndroidManifest.xml:38:27-73
79                <category android:name="android.intent.category.BROWSABLE" />
79-->[com.google.firebase:firebase-auth:21.3.0] AndroidManifest.xml:39:17-78
79-->[com.google.firebase:firebase-auth:21.3.0] AndroidManifest.xml:39:27-75
80
81                <data
81-->[com.google.firebase:firebase-auth:21.3.0] AndroidManifest.xml:41:17-44:51
82                    android:host="firebase.auth"
82-->[com.google.firebase:firebase-auth:21.3.0] AndroidManifest.xml:42:21-49
83                    android:path="/"
83-->[com.google.firebase:firebase-auth:21.3.0] AndroidManifest.xml:43:21-37
84                    android:scheme="genericidp" />
84-->[com.google.firebase:firebase-auth:21.3.0] AndroidManifest.xml:44:21-48
85            </intent-filter>
86        </activity>
87        <activity
87-->[com.google.firebase:firebase-auth:21.3.0] AndroidManifest.xml:47:9-64:20
88            android:name="com.google.firebase.auth.internal.RecaptchaActivity"
88-->[com.google.firebase:firebase-auth:21.3.0] AndroidManifest.xml:48:13-79
89            android:excludeFromRecents="true"
89-->[com.google.firebase:firebase-auth:21.3.0] AndroidManifest.xml:49:13-46
90            android:exported="true"
90-->[com.google.firebase:firebase-auth:21.3.0] AndroidManifest.xml:50:13-36
91            android:launchMode="singleTask"
91-->[com.google.firebase:firebase-auth:21.3.0] AndroidManifest.xml:51:13-44
92            android:theme="@android:style/Theme.Translucent.NoTitleBar" >
92-->[com.google.firebase:firebase-auth:21.3.0] AndroidManifest.xml:52:13-72
93            <intent-filter>
93-->[com.google.firebase:firebase-auth:21.3.0] AndroidManifest.xml:53:13-63:29
94                <action android:name="android.intent.action.VIEW" />
94-->[com.google.firebase:firebase-auth:21.3.0] AndroidManifest.xml:36:17-69
94-->[com.google.firebase:firebase-auth:21.3.0] AndroidManifest.xml:36:25-66
95
96                <category android:name="android.intent.category.DEFAULT" />
96-->[com.google.firebase:firebase-auth:21.3.0] AndroidManifest.xml:38:17-76
96-->[com.google.firebase:firebase-auth:21.3.0] AndroidManifest.xml:38:27-73
97                <category android:name="android.intent.category.BROWSABLE" />
97-->[com.google.firebase:firebase-auth:21.3.0] AndroidManifest.xml:39:17-78
97-->[com.google.firebase:firebase-auth:21.3.0] AndroidManifest.xml:39:27-75
98
99                <data
99-->[com.google.firebase:firebase-auth:21.3.0] AndroidManifest.xml:41:17-44:51
100                    android:host="firebase.auth"
100-->[com.google.firebase:firebase-auth:21.3.0] AndroidManifest.xml:42:21-49
101                    android:path="/"
101-->[com.google.firebase:firebase-auth:21.3.0] AndroidManifest.xml:43:21-37
102                    android:scheme="recaptcha" />
102-->[com.google.firebase:firebase-auth:21.3.0] AndroidManifest.xml:44:21-48
103            </intent-filter>
104        </activity>
105        <activity
105-->[com.google.android.gms:play-services-base:18.1.0] AndroidManifest.xml:20:9-22:45
106            android:name="com.google.android.gms.common.api.GoogleApiActivity"
106-->[com.google.android.gms:play-services-base:18.1.0] AndroidManifest.xml:20:19-85
107            android:exported="false"
107-->[com.google.android.gms:play-services-base:18.1.0] AndroidManifest.xml:22:19-43
108            android:theme="@android:style/Theme.Translucent.NoTitleBar" />
108-->[com.google.android.gms:play-services-base:18.1.0] AndroidManifest.xml:21:19-78
109
110        <provider
110-->[com.google.firebase:firebase-common:20.3.2] AndroidManifest.xml:25:9-30:39
111            android:name="com.google.firebase.provider.FirebaseInitProvider"
111-->[com.google.firebase:firebase-common:20.3.2] AndroidManifest.xml:26:13-77
112            android:authorities="com.example.limeapp.firebaseinitprovider"
112-->[com.google.firebase:firebase-common:20.3.2] AndroidManifest.xml:27:13-72
113            android:directBootAware="true"
113-->[com.google.firebase:firebase-common:20.3.2] AndroidManifest.xml:28:13-43
114            android:exported="false"
114-->[com.google.firebase:firebase-common:20.3.2] AndroidManifest.xml:29:13-37
115            android:initOrder="100" />
115-->[com.google.firebase:firebase-common:20.3.2] AndroidManifest.xml:30:13-36
116
117        <meta-data
117-->[com.google.android.gms:play-services-basement:18.1.0] AndroidManifest.xml:21:9-23:69
118            android:name="com.google.android.gms.version"
118-->[com.google.android.gms:play-services-basement:18.1.0] AndroidManifest.xml:22:13-58
119            android:value="@integer/google_play_services_version" />
119-->[com.google.android.gms:play-services-basement:18.1.0] AndroidManifest.xml:23:13-66
120
121        <provider
121-->[androidx.emoji2:emoji2:1.2.0] AndroidManifest.xml:24:9-32:20
122            android:name="androidx.startup.InitializationProvider"
122-->[androidx.emoji2:emoji2:1.2.0] AndroidManifest.xml:25:13-67
123            android:authorities="com.example.limeapp.androidx-startup"
123-->[androidx.emoji2:emoji2:1.2.0] AndroidManifest.xml:26:13-68
124            android:exported="false" >
124-->[androidx.emoji2:emoji2:1.2.0] AndroidManifest.xml:27:13-37
125            <meta-data
125-->[androidx.emoji2:emoji2:1.2.0] AndroidManifest.xml:29:13-31:52
126                android:name="androidx.emoji2.text.EmojiCompatInitializer"
126-->[androidx.emoji2:emoji2:1.2.0] AndroidManifest.xml:30:17-75
127                android:value="androidx.startup" />
127-->[androidx.emoji2:emoji2:1.2.0] AndroidManifest.xml:31:17-49
128            <meta-data
128-->[androidx.lifecycle:lifecycle-process:2.4.1] AndroidManifest.xml:31:13-33:52
129                android:name="androidx.lifecycle.ProcessLifecycleInitializer"
129-->[androidx.lifecycle:lifecycle-process:2.4.1] AndroidManifest.xml:32:17-78
130                android:value="androidx.startup" />
130-->[androidx.lifecycle:lifecycle-process:2.4.1] AndroidManifest.xml:33:17-49
131        </provider>
132    </application>
133
134</manifest>